0 info it worked if it ends with ok
1 verbose cli [ '/usr/bin/node', '/usr/bin/npm', 'run', 'typecheck' ]
2 info using npm@3.5.2
3 info using node@v8.10.0
4 verbose run-script [ 'pretypecheck', 'typecheck', 'posttypecheck' ]
5 info lifecycle ngeo@2.5.0~pretypecheck: ngeo@2.5.0
6 silly lifecycle ngeo@2.5.0~pretypecheck: no script for pretypecheck, continuing
7 info lifecycle ngeo@2.5.0~typecheck: ngeo@2.5.0
8 verbose lifecycle ngeo@2.5.0~typecheck: unsafe-perm in lifecycle true
9 verbose lifecycle ngeo@2.5.0~typecheck: PATH: /usr/share/npm/bin/node-gyp-bin:/home/external/workspace/ngeo/node_modules/.bin:/home/sbrunner/.local/bin:/home/sbrunner/bin:/home/sbrunner/.local/bin:/home/sbrunner/bin:/usr/local/sbin:/usr/local/bin:/usr/sbin:/usr/bin:/sbin:/bin:/usr/games:/usr/local/games:/snap/bin:/opt/puppetlabs/bin:/usr/sbin/:/sbin:/home/sbrunner/bin/:/home/sbrunner/.local/bin/:/home/sbrunner/.gem/bin/:/home/sbrunner/bin/openshift-origin-server-v3.11.0-0cbc58b-linux-64bit:/usr/sbin/:/sbin:/home/sbrunner/bin/:/home/sbrunner/.local/bin/:/home/sbrunner/.gem/bin/:/home/sbrunner/bin/openshift-origin-server-v3.11.0-0cbc58b-linux-64bit:/home/linuxbrew/.linuxbrew/bin
10 verbose lifecycle ngeo@2.5.0~typecheck: CWD: /home/external/workspace/ngeo
11 silly lifecycle ngeo@2.5.0~typecheck: Args: [ '-c', 'tsc' ]
12 silly lifecycle ngeo@2.5.0~typecheck: Returned: code: 1  signal: null
13 info lifecycle ngeo@2.5.0~typecheck: Failed to exec typecheck script
14 verbose stack Error: ngeo@2.5.0 typecheck: `tsc`
14 verbose stack Exit status 1
14 verbose stack     at EventEmitter.<anonymous> (/usr/share/npm/lib/utils/lifecycle.js:232:16)
14 verbose stack     at emitTwo (events.js:126:13)
14 verbose stack     at EventEmitter.emit (events.js:214:7)
14 verbose stack     at ChildProcess.<anonymous> (/usr/share/npm/lib/utils/spawn.js:24:14)
14 verbose stack     at emitTwo (events.js:126:13)
14 verbose stack     at ChildProcess.emit (events.js:214:7)
14 verbose stack     at maybeClose (internal/child_process.js:925:16)
14 verbose stack     at Process.ChildProcess._handle.onexit (internal/child_process.js:209:5)
15 verbose pkgid ngeo@2.5.0
16 verbose cwd /home/external/workspace/ngeo
17 error Linux 4.15.0-52-generic
18 error argv "/usr/bin/node" "/usr/bin/npm" "run" "typecheck"
19 error node v8.10.0
20 error npm  v3.5.2
21 error code ELIFECYCLE
22 error ngeo@2.5.0 typecheck: `tsc`
22 error Exit status 1
23 error Failed at the ngeo@2.5.0 typecheck script 'tsc'.
23 error Make sure you have the latest version of node.js and npm installed.
23 error If you do, this is most likely a problem with the ngeo package,
23 error not with npm itself.
23 error Tell the author that this fails on your system:
23 error     tsc
23 error You can get information on how to open an issue for this project with:
23 error     npm bugs ngeo
23 error Or if that isn't available, you can get their info via:
23 error     npm owner ls ngeo
23 error There is likely additional logging output above.
24 verbose exit [ 1, true ]
